{"level":"info","message":"API Gateway is running on port 3000","service":"api-gateway","timestamp":"2025-01-28T15:39:22.778Z"}
{"level":"info","message":"Identity service is running on port http://localhost:3001","service":"api-gateway","timestamp":"2025-01-28T15:39:22.788Z"}
{"level":"info","message":"Post service is running on port undefined","service":"api-gateway","timestamp":"2025-01-28T15:39:22.790Z"}
{"level":"info","message":"Media service is running on port undefined","service":"api-gateway","timestamp":"2025-01-28T15:39:22.791Z"}
{"level":"info","message":"Search service is running on port undefined","service":"api-gateway","timestamp":"2025-01-28T15:39:22.792Z"}
{"level":"info","message":"Redis Url redis://localhost:6379","service":"api-gateway","timestamp":"2025-01-28T15:39:22.793Z"}
{"level":"info","message":"Received POST request to /v1/auth/register","service":"api-gateway","timestamp":"2025-01-28T15:40:17.390Z"}
{"level":"info","message":"Request body, [object Object]","service":"api-gateway","timestamp":"2025-01-28T15:40:17.391Z"}
{"level":"error","message":"Proxy error: ","service":"api-gateway","timestamp":"2025-01-28T15:40:17.420Z"}
{"level":"info","message":"API Gateway is running on port 3000","service":"api-gateway","timestamp":"2025-01-28T15:42:04.136Z"}
{"level":"info","message":"Identity service is running on port http://localhost:3001","service":"api-gateway","timestamp":"2025-01-28T15:42:04.145Z"}
{"level":"info","message":"Redis Url redis://localhost:6379","service":"api-gateway","timestamp":"2025-01-28T15:42:04.147Z"}
{"level":"info","message":"API Gateway is running on port 3000","service":"api-gateway","timestamp":"2025-01-28T15:42:51.220Z"}
{"level":"info","message":"Identity service is running on port http://localhost:3001","service":"api-gateway","timestamp":"2025-01-28T15:42:51.227Z"}
{"level":"info","message":"Redis Url redis://localhost:6379","service":"api-gateway","timestamp":"2025-01-28T15:42:51.229Z"}
{"level":"info","message":"Received POST request to /v1/auth/register","service":"api-gateway","timestamp":"2025-01-28T15:42:53.017Z"}
{"level":"info","message":"Request body, [object Object]","service":"api-gateway","timestamp":"2025-01-28T15:42:53.019Z"}
{"level":"error","message":"Proxy error: ","service":"api-gateway","timestamp":"2025-01-28T15:42:53.056Z"}
{"level":"info","message":"Received POST request to /v1/auth/register","service":"api-gateway","timestamp":"2025-01-28T15:43:16.830Z"}
{"level":"info","message":"Request body, [object Object]","service":"api-gateway","timestamp":"2025-01-28T15:43:16.832Z"}
{"level":"info","message":"Response received from Identity service: 201","service":"api-gateway","timestamp":"2025-01-28T15:43:17.174Z"}
{"level":"info","message":"API Gateway is running on port 3000","service":"api-gateway","timestamp":"2025-01-28T15:43:25.042Z"}
{"level":"info","message":"Identity service is running on port http://localhost:3001","service":"api-gateway","timestamp":"2025-01-28T15:43:25.049Z"}
{"level":"info","message":"Redis Url redis://localhost:6379","service":"api-gateway","timestamp":"2025-01-28T15:43:25.051Z"}
{"level":"info","message":"API Gateway is running on port 3000","service":"api-gateway","timestamp":"2025-02-03T09:50:28.770Z"}
{"level":"info","message":"Identity service is running on port http://localhost:3001","service":"api-gateway","timestamp":"2025-02-03T09:50:28.778Z"}
{"level":"info","message":"Post service is running on port http://localhost:3002","service":"api-gateway","timestamp":"2025-02-03T09:50:28.779Z"}
{"level":"info","message":"Media service is running on port http://localhost:3003","service":"api-gateway","timestamp":"2025-02-03T09:50:28.780Z"}
{"level":"info","message":"Search service is running on port http://localhost:3004","service":"api-gateway","timestamp":"2025-02-03T09:50:28.781Z"}
{"level":"info","message":"Redis Url redis://localhost:6379","service":"api-gateway","timestamp":"2025-02-03T09:50:28.782Z"}
{"level":"info","message":"API Gateway is running on port 3000","service":"api-gateway","timestamp":"2025-02-11T10:42:11.772Z"}
{"level":"info","message":"Identity service is running on port http://localhost:3001","service":"api-gateway","timestamp":"2025-02-11T10:42:11.777Z"}
{"level":"info","message":"Post service is running on port http://localhost:3002","service":"api-gateway","timestamp":"2025-02-11T10:42:11.778Z"}
{"level":"info","message":"Media service is running on port http://localhost:3003","service":"api-gateway","timestamp":"2025-02-11T10:42:11.778Z"}
{"level":"info","message":"Search service is running on port http://localhost:3004","service":"api-gateway","timestamp":"2025-02-11T10:42:11.779Z"}
{"level":"info","message":"Redis Url redis://localhost:6379","service":"api-gateway","timestamp":"2025-02-11T10:42:11.779Z"}
{"level":"info","message":"API Gateway is running on port 3000","service":"api-gateway","timestamp":"2025-02-13T06:24:45.889Z"}
{"level":"info","message":"Identity service is running on port http://localhost:3001","service":"api-gateway","timestamp":"2025-02-13T06:24:45.893Z"}
{"level":"info","message":"Post service is running on port http://localhost:3002","service":"api-gateway","timestamp":"2025-02-13T06:24:45.895Z"}
{"level":"info","message":"Media service is running on port http://localhost:3003","service":"api-gateway","timestamp":"2025-02-13T06:24:45.896Z"}
{"level":"info","message":"Search service is running on port http://localhost:3004","service":"api-gateway","timestamp":"2025-02-13T06:24:45.896Z"}
{"level":"info","message":"Redis Url redis://localhost:6379","service":"api-gateway","timestamp":"2025-02-13T06:24:45.897Z"}
