{"level":"info","message":"Identity service running on port 5000","service":"identity-service","timestamp":"2025-01-28T10:25:12.803Z"}
{"level":"error","message":"Mongo connection error The `uri` parameter to `openUri()` must be a string, got \"undefined\". Make sure the first parameter to `mongoose.connect()` or `mongoose.createConnection()` is a string.","service":"identity-service","stack":"MongooseError: The `uri` parameter to `openUri()` must be a string, got \"undefined\". Make sure the first parameter to `mongoose.connect()` or `mongoose.createConnection()` is a string.\n    at NativeConnection.createClient (D:\\jenifer\\jenifer2025\\NetworkNexus\\identity-service\\node_modules\\mongoose\\lib\\drivers\\node-mongodb-native\\connection.js:225:11)\n    at NativeConnection.openUri (D:\\jenifer\\jenifer2025\\NetworkNexus\\identity-service\\node_modules\\mongoose\\lib\\connection.js:1016:34)\n    at Mongoose.connect (D:\\jenifer\\jenifer2025\\NetworkNexus\\identity-service\\node_modules\\mongoose\\lib\\mongoose.js:446:15)\n    at Object.<anonymous> (D:\\jenifer\\jenifer2025\\NetworkNexus\\identity-service\\server.js:20:4)\n    at Module._compile (node:internal/modules/cjs/loader:1546:14)\n    at Module._extensions..js (node:internal/modules/cjs/loader:1691:10)\n    at Module.load (node:internal/modules/cjs/loader:1317:32)\n    at Module._load (node:internal/modules/cjs/loader:1127:12)\n    at TracingChannel.traceSync (node:diagnostics_channel:315:14)\n    at wrapModuleLoad (node:internal/modules/cjs/loader:217:24)","timestamp":"2025-01-28T10:25:12.809Z"}
{"level":"info","message":"Identity service running on port 5000","service":"identity-service","timestamp":"2025-01-28T10:30:58.831Z"}
{"level":"info","message":"Connected to mongodb","service":"identity-service","timestamp":"2025-01-28T10:30:58.904Z"}
{"level":"info","message":"Identity service running on port 5000","service":"identity-service","timestamp":"2025-01-28T10:32:23.064Z"}
{"level":"info","message":"Connected to mongodb","service":"identity-service","timestamp":"2025-01-28T10:32:23.104Z"}
{"level":"info","message":"Identity service running on port 3001","service":"identity-service","timestamp":"2025-01-28T10:40:46.629Z"}
{"level":"info","message":"Connected to mongodb","service":"identity-service","timestamp":"2025-01-28T10:40:46.665Z"}
{"level":"info","message":"Received GET request to /api/auth/register","service":"identity-service","timestamp":"2025-01-28T10:42:30.444Z"}
{"level":"info","message":"Request body, [object Object]","service":"identity-service","timestamp":"2025-01-28T10:42:30.446Z"}
{"level":"info","message":"Received POST request to /api/auth/register","service":"identity-service","timestamp":"2025-01-28T10:44:47.807Z"}
{"level":"info","message":"Request body, [object Object]","service":"identity-service","timestamp":"2025-01-28T10:44:47.817Z"}
{"level":"info","message":"Registration endpoint hit...","service":"identity-service","timestamp":"2025-01-28T10:44:47.830Z"}
{"0":"\"","1":"e","10":"s","11":"t","12":" ","13":"b","14":"e","15":" ","16":"a","17":" ","18":"v","19":"a","2":"m","20":"l","21":"i","22":"d","23":" ","24":"e","25":"m","26":"a","27":"i","28":"l","3":"a","4":"i","5":"l","6":"\"","7":" ","8":"m","9":"u","level":"warn","message":"Validation error","service":"identity-service","timestamp":"2025-01-28T10:44:47.906Z"}
{"level":"info","message":"Received POST request to /api/auth/register","service":"identity-service","timestamp":"2025-01-28T10:44:57.813Z"}
{"level":"info","message":"Request body, [object Object]","service":"identity-service","timestamp":"2025-01-28T10:44:57.814Z"}
{"level":"info","message":"Registration endpoint hit...","service":"identity-service","timestamp":"2025-01-28T10:44:57.818Z"}
{"buffer":{"data":[103,152,181,41,174,205,64,176,1,118,212,182],"type":"Buffer"},"level":"warn","message":"User saved successfully","service":"identity-service","timestamp":"2025-01-28T10:44:58.082Z"}
{"level":"info","message":"Identity service running on port 3001","service":"identity-service","timestamp":"2025-01-28T10:59:40.233Z"}
{"level":"info","message":"Connected to mongodb","service":"identity-service","timestamp":"2025-01-28T10:59:40.270Z"}
{"level":"info","message":"Identity service running on port 3001","service":"identity-service","timestamp":"2025-01-28T15:43:12.432Z"}
{"level":"info","message":"Connected to mongodb","service":"identity-service","timestamp":"2025-01-28T15:43:12.507Z"}
{"level":"info","message":"Received POST request to /api/auth/register","service":"identity-service","timestamp":"2025-01-28T15:43:16.879Z"}
{"level":"info","message":"Request body, [object Object]","service":"identity-service","timestamp":"2025-01-28T15:43:16.881Z"}
{"level":"info","message":"Registration endpoint hit...","service":"identity-service","timestamp":"2025-01-28T15:43:16.889Z"}
{"buffer":{"data":[103,152,251,20,67,154,202,147,212,66,5,141],"type":"Buffer"},"level":"warn","message":"User saved successfully","service":"identity-service","timestamp":"2025-01-28T15:43:17.143Z"}
{"level":"info","message":"Identity service running on port 3001","service":"identity-service","timestamp":"2025-01-29T16:11:44.831Z"}
{"level":"info","message":"Connected to mongodb","service":"identity-service","timestamp":"2025-01-29T16:11:44.925Z"}
{"level":"info","message":"Identity service running on port 3001","service":"identity-service","timestamp":"2025-01-30T12:38:53.402Z"}
{"level":"info","message":"Connected to mongodb","service":"identity-service","timestamp":"2025-01-30T12:38:53.560Z"}
{"level":"info","message":"Identity service running on port 3001","service":"identity-service","timestamp":"2025-02-03T07:18:25.660Z"}
{"level":"info","message":"Connected to mongodb","service":"identity-service","timestamp":"2025-02-03T07:18:25.701Z"}
{"level":"info","message":"Identity service running on port 3001","service":"identity-service","timestamp":"2025-02-11T10:40:52.075Z"}
{"level":"info","message":"Connected to mongodb","service":"identity-service","timestamp":"2025-02-11T10:40:52.159Z"}
{"level":"info","message":"Identity service running on port 3001","service":"identity-service","timestamp":"2025-02-13T06:22:45.677Z"}
{"level":"info","message":"Connected to mongodb","service":"identity-service","timestamp":"2025-02-13T06:22:45.734Z"}
