{"code":"ECONNREFUSED","level":"error","message":"Error connecting to rabbit mq","service":"post-service","stack":"AggregateError [ECONNREFUSED]: \n    at internalConnectMultiple (node:net:1116:18)\n    at afterConnectMultiple (node:net:1683:7)","timestamp":"2025-01-29T16:14:21.110Z"}
{"level":"info","message":"Connected to mongodb","service":"post-service","timestamp":"2025-01-29T16:14:21.123Z"}
{"code":"ECONNREFUSED","level":"error","message":"Error connecting to rabbit mq","service":"post-service","stack":"AggregateError [ECONNREFUSED]: \n    at internalConnectMultiple (node:net:1116:18)\n    at afterConnectMultiple (node:net:1683:7)","timestamp":"2025-01-29T16:14:21.134Z"}
{"code":"ECONNREFUSED","level":"error","message":"Error connecting to rabbit mq","service":"post-service","stack":"AggregateError [ECONNREFUSED]: \n    at internalConnectMultiple (node:net:1116:18)\n    at afterConnectMultiple (node:net:1683:7)","timestamp":"2025-01-30T12:44:33.421Z"}
{"level":"info","message":"Connected to mongodb","service":"post-service","timestamp":"2025-01-30T12:44:33.435Z"}
{"code":"ECONNREFUSED","level":"error","message":"Error connecting to rabbit mq","service":"post-service","stack":"AggregateError [ECONNREFUSED]: \n    at internalConnectMultiple (node:net:1116:18)\n    at afterConnectMultiple (node:net:1683:7)","timestamp":"2025-01-30T12:44:33.444Z"}
{"level":"info","message":"Connected to mongodb","service":"post-service","timestamp":"2025-02-03T07:19:01.411Z"}
{"level":"info","message":"Connected to rabbit mq","service":"post-service","timestamp":"2025-02-03T07:19:01.425Z"}
{"level":"info","message":"Subscribed to event: post.created","service":"post-service","timestamp":"2025-02-03T07:19:01.432Z"}
{"level":"info","message":"Subscribed to event: post.deleted","service":"post-service","timestamp":"2025-02-03T07:19:01.440Z"}
{"level":"info","message":"Connected to mongodb","service":"post-service","timestamp":"2025-02-03T08:31:26.484Z"}
{"level":"info","message":"Connected to rabbit mq","service":"post-service","timestamp":"2025-02-03T08:31:26.521Z"}
{"level":"info","message":"Subscribed to event: post.created","service":"post-service","timestamp":"2025-02-03T08:31:26.553Z"}
{"level":"info","message":"Subscribed to event: post.deleted","service":"post-service","timestamp":"2025-02-03T08:31:26.587Z"}
{"level":"info","message":"Search service is running on port: 3004","service":"post-service","timestamp":"2025-02-03T08:31:26.596Z"}
{"level":"info","message":"Connected to mongodb","service":"post-service","timestamp":"2025-02-11T10:41:54.438Z"}
{"level":"info","message":"Connected to rabbit mq","service":"post-service","timestamp":"2025-02-11T10:41:54.454Z"}
{"level":"info","message":"Subscribed to event: post.created","service":"post-service","timestamp":"2025-02-11T10:41:54.466Z"}
{"level":"info","message":"Subscribed to event: post.deleted","service":"post-service","timestamp":"2025-02-11T10:41:54.485Z"}
{"level":"info","message":"Search service is running on port: 3004","service":"post-service","timestamp":"2025-02-11T10:41:54.489Z"}
{"level":"info","message":"Connected to mongodb","service":"post-service","timestamp":"2025-02-13T06:24:23.284Z"}
{"level":"info","message":"Connected to rabbit mq","service":"post-service","timestamp":"2025-02-13T06:24:23.302Z"}
{"level":"info","message":"Subscribed to event: post.created","service":"post-service","timestamp":"2025-02-13T06:24:23.321Z"}
{"level":"info","message":"Subscribed to event: post.deleted","service":"post-service","timestamp":"2025-02-13T06:24:23.332Z"}
{"level":"info","message":"Search service is running on port: 3004","service":"post-service","timestamp":"2025-02-13T06:24:23.337Z"}
